e:\kirill\code\lp\курсач\kkd-2018\kkd-2018\debug\kkd-2018.pch
e:\kirill\code\lp\курсач\kkd-2018\kkd-2018\debug\vc141.pdb
e:\kirill\code\lp\курсач\kkd-2018\kkd-2018\debug\vc141.idb
e:\kirill\code\lp\курсач\kkd-2018\kkd-2018\debug\stdafx.obj
e:\kirill\code\lp\курсач\kkd-2018\kkd-2018\debug\polishnotation.obj
e:\kirill\code\lp\курсач\kkd-2018\kkd-2018\debug\parsing.obj
e:\kirill\code\lp\курсач\kkd-2018\kkd-2018\debug\parm.obj
e:\kirill\code\lp\курсач\kkd-2018\kkd-2018\debug\mfst.obj
e:\kirill\code\lp\курсач\kkd-2018\kkd-2018\debug\lt.obj
e:\kirill\code\lp\курсач\kkd-2018\kkd-2018\debug\log.obj
e:\kirill\code\lp\курсач\kkd-2018\kkd-2018\debug\library.obj
e:\kirill\code\lp\курсач\kkd-2018\kkd-2018\debug\kkd-2018.obj
e:\kirill\code\lp\курсач\kkd-2018\kkd-2018\debug\it.obj
e:\kirill\code\lp\курсач\kkd-2018\kkd-2018\debug\in.obj
e:\kirill\code\lp\курсач\kkd-2018\kkd-2018\debug\greibach.obj
e:\kirill\code\lp\курсач\kkd-2018\kkd-2018\debug\generation.obj
e:\kirill\code\lp\курсач\kkd-2018\kkd-2018\debug\fst.obj
e:\kirill\code\lp\курсач\kkd-2018\kkd-2018\debug\error.obj
e:\kirill\code\kp0000\kkd-2018\kkd-2018\debug\kkd-2018.pch
e:\kirill\code\kp0000\kkd-2018\kkd-2018\debug\vc141.pdb
e:\kirill\code\kp0000\kkd-2018\kkd-2018\debug\vc141.idb
e:\kirill\code\kp0000\kkd-2018\kkd-2018\debug\stdafx.obj
e:\kirill\code\kp0000\kkd-2018\kkd-2018\debug\polishnotation.obj
e:\kirill\code\kp0000\kkd-2018\kkd-2018\debug\parsing.obj
e:\kirill\code\kp0000\kkd-2018\kkd-2018\debug\parm.obj
e:\kirill\code\kp0000\kkd-2018\kkd-2018\debug\mfst.obj
e:\kirill\code\kp0000\kkd-2018\kkd-2018\debug\log.obj
e:\kirill\code\kp0000\kkd-2018\kkd-2018\debug\library.obj
e:\kirill\code\kp0000\kkd-2018\kkd-2018\debug\lt.obj
e:\kirill\code\kp0000\kkd-2018\kkd-2018\debug\kkd-2018.obj
e:\kirill\code\kp0000\kkd-2018\kkd-2018\debug\in.obj
e:\kirill\code\kp0000\kkd-2018\kkd-2018\debug\it.obj
e:\kirill\code\kp0000\kkd-2018\kkd-2018\debug\greibach.obj
e:\kirill\code\kp0000\kkd-2018\kkd-2018\debug\generation.obj
e:\kirill\code\kp0000\kkd-2018\kkd-2018\debug\fst.obj
e:\kirill\code\kp0000\kkd-2018\kkd-2018\debug\error.obj
e:\kirill\code\lp\курсач\kkd-2018\debug\kkd-2018.exe
e:\kirill\code\lp\курсач\kkd-2018\debug\kkd-2018.ilk
e:\kirill\code\lp\курсач\kkd-2018\debug\kkd-2018.pdb
e:\kirill\code\kp0000\kkd-2018\debug\kkd-2018.exe
e:\kirill\code\kp0000\kkd-2018\debug\kkd-2018.ilk
e:\kirill\code\kp0000\kkd-2018\debug\kkd-2018.pdb
e:\kirill\code\kp0000\kkd-2018\kkd-2018\debug\kkd-2018.tlog\cl.command.1.tlog
e:\kirill\code\kp0000\kkd-2018\kkd-2018\debug\kkd-2018.tlog\cl.read.1.tlog
e:\kirill\code\kp0000\kkd-2018\kkd-2018\debug\kkd-2018.tlog\cl.write.1.tlog
e:\kirill\code\kp0000\kkd-2018\kkd-2018\debug\kkd-2018.tlog\link.command.1.tlog
e:\kirill\code\kp0000\kkd-2018\kkd-2018\debug\kkd-2018.tlog\link.read.1.tlog
e:\kirill\code\kp0000\kkd-2018\kkd-2018\debug\kkd-2018.tlog\link.write.1.tlog
